nohup: ignoring input
2026-03-21 16:19:21,294 - INFO - 🚀 Bot iniciando... HOST_ID: 8127548189
2026-03-21 16:19:24,298 - INFO - HTTP Request: POST https://api.telegram.org/bot8759601075:AAHuztMAKGLO9b-nkmQzANsgjkNEQDcJvnU/getMe "HTTP/1.1 200 OK"
2026-03-21 16:19:24,303 - INFO - Scheduler started
2026-03-21 16:19:24,304 - INFO - Application started
2026-03-21 16:19:24,659 - INFO - HTTP Request: POST https://api.telegram.org/bot8759601075:AAHuztMAKGLO9b-nkmQzANsgjkNEQDcJvnU/deleteWebhook "HTTP/1.1 200 OK"
2026-03-21 16:19:24,661 - INFO - ✅ Bot corriendo con panel admin
2026-03-21 16:19:24,662 - INFO - ⏰ Scheduler iniciado
2026-03-21 16:19:36,105 - INFO - HTTP Request: POST https://api.telegram.org/bot8759601075:AAHuztMAKGLO9b-nkmQzANsgjkNEQDcJvnU/getUpdates "HTTP/1.1 200 OK"
2026-03-21 16:19:46,455 - INFO - HTTP Request: POST https://api.telegram.org/bot8759601075:AAHuztMAKGLO9b-nkmQzANsgjkNEQDcJvnU/getUpdates "HTTP/1.1 200 OK"
2026-03-21 16:19:56,934 - INFO - HTTP Request: POST https://api.telegram.org/bot8759601075:AAHuztMAKGLO9b-nkmQzANsgjkNEQDcJvnU/getUpdates "HTTP/1.1 200 OK"
2026-03-21 16:19:58,877 - INFO - HTTP Request: POST https://api.telegram.org/bot8759601075:AAHuztMAKGLO9b-nkmQzANsgjkNEQDcJvnU/getUpdates "HTTP/1.1 200 OK"
2026-03-21 16:20:00,734 - INFO - HTTP Request: POST https://api.telegram.org/bot8759601075:AAHuztMAKGLO9b-nkmQzANsgjkNEQDcJvnU/sendMessage "HTTP/1.1 200 OK"
2026-03-21 16:20:05,612 - INFO - HTTP Request: POST https://api.telegram.org/bot8759601075:AAHuztMAKGLO9b-nkmQzANsgjkNEQDcJvnU/getUpdates "HTTP/1.1 200 OK"
2026-03-21 16:20:06,082 - INFO - HTTP Request: POST https://api.telegram.org/bot8759601075:AAHuztMAKGLO9b-nkmQzANsgjkNEQDcJvnU/answerCallbackQuery "HTTP/1.1 200 OK"
2026-03-21 16:20:07,610 - INFO - HTTP Request: GET https://wdbupgqymgqfpobcbfze.supabase.co/rest/v1/fabricas?select=nombre,pais,tipo_recurso,nivel,trabajadores_actuales&eq.activa=true&limit=20 "HTTP/1.1 400 Bad Request"
2026-03-21 16:20:08,224 - INFO - HTTP Request: POST https://api.telegram.org/bot8759601075:AAHuztMAKGLO9b-nkmQzANsgjkNEQDcJvnU/editMessageText "HTTP/1.1 200 OK"
2026-03-21 16:20:10,370 - INFO - HTTP Request: POST https://api.telegram.org/bot8759601075:AAHuztMAKGLO9b-nkmQzANsgjkNEQDcJvnU/getUpdates "HTTP/1.1 200 OK"
2026-03-21 16:20:10,826 - INFO - HTTP Request: POST https://api.telegram.org/bot8759601075:AAHuztMAKGLO9b-nkmQzANsgjkNEQDcJvnU/answerCallbackQuery "HTTP/1.1 200 OK"
2026-03-21 16:20:11,407 - INFO - HTTP Request: POST https://api.telegram.org/bot8759601075:AAHuztMAKGLO9b-nkmQzANsgjkNEQDcJvnU/editMessageText "HTTP/1.1 200 OK"
2026-03-21 16:20:16,672 - INFO - HTTP Request: POST https://api.telegram.org/bot8759601075:AAHuztMAKGLO9b-nkmQzANsgjkNEQDcJvnU/getUpdates "HTTP/1.1 200 OK"
2026-03-21 16:20:18,576 - INFO - HTTP Request: POST https://api.telegram.org/bot8759601075:AAHuztMAKGLO9b-nkmQzANsgjkNEQDcJvnU/answerCallbackQuery "HTTP/1.1 200 OK"
2026-03-21 16:20:19,861 - INFO - HTTP Request: GET https://wdbupgqymgqfpobcbfze.supabase.co/rest/v1/jugadores?select=id,rol&limit=100 "HTTP/1.1 200 OK"
2026-03-21 16:20:21,073 - INFO - HTTP Request: GET https://wdbupgqymgqfpobcbfze.supabase.co/rest/v1/fabricas?select=id&eq.activa=true&limit=100 "HTTP/1.1 400 Bad Request"
2026-03-21 16:20:21,735 - INFO - HTTP Request: POST https://api.telegram.org/bot8759601075:AAHuztMAKGLO9b-nkmQzANsgjkNEQDcJvnU/editMessageText "HTTP/1.1 200 OK"
2026-03-21 16:20:27,029 - INFO - HTTP Request: POST https://api.telegram.org/bot8759601075:AAHuztMAKGLO9b-nkmQzANsgjkNEQDcJvnU/getUpdates "HTTP/1.1 200 OK"
2026-03-21 16:20:29,407 - INFO - HTTP Request: POST https://api.telegram.org/bot8759601075:AAHuztMAKGLO9b-nkmQzANsgjkNEQDcJvnU/getUpdates "HTTP/1.1 200 OK"
2026-03-21 16:20:31,234 - INFO - HTTP Request: POST https://api.telegram.org/bot8759601075:AAHuztMAKGLO9b-nkmQzANsgjkNEQDcJvnU/answerCallbackQuery "HTTP/1.1 200 OK"
2026-03-21 16:20:31,869 - INFO - HTTP Request: POST https://api.telegram.org/bot8759601075:AAHuztMAKGLO9b-nkmQzANsgjkNEQDcJvnU/editMessageText "HTTP/1.1 200 OK"
2026-03-21 16:20:39,904 - INFO - HTTP Request: POST https://api.telegram.org/bot8759601075:AAHuztMAKGLO9b-nkmQzANsgjkNEQDcJvnU/getUpdates "HTTP/1.1 200 OK"
2026-03-21 16:20:50,253 - INFO - HTTP Request: POST https://api.telegram.org/bot8759601075:AAHuztMAKGLO9b-nkmQzANsgjkNEQDcJvnU/getUpdates "HTTP/1.1 200 OK"
2026-03-21 16:21:00,763 - INFO - HTTP Request: POST https://api.telegram.org/bot8759601075:AAHuztMAKGLO9b-nkmQzANsgjkNEQDcJvnU/getUpdates "HTTP/1.1 200 OK"
2026-03-21 16:21:11,109 - INFO - HTTP Request: POST https://api.telegram.org/bot8759601075:AAHuztMAKGLO9b-nkmQzANsgjkNEQDcJvnU/getUpdates "HTTP/1.1 200 OK"
2026-03-21 16:21:15,295 - INFO - HTTP Request: POST https://api.telegram.org/bot8759601075:AAHuztMAKGLO9b-nkmQzANsgjkNEQDcJvnU/getUpdates "HTTP/1.1 200 OK"
2026-03-21 16:21:17,174 - INFO - HTTP Request: POST https://api.telegram.org/bot8759601075:AAHuztMAKGLO9b-nkmQzANsgjkNEQDcJvnU/answerCallbackQuery "HTTP/1.1 200 OK"
/data/data/com.termux/files/home/naciones-v2/bot.py:174: DeprecationWarning: datetime.datetime.utcnow() is deprecated and scheduled for removal in a future version. Use timezone-aware objects to represent datetimes in UTC: datetime.datetime.now(datetime.UTC).
  ok = await sb_patch("jugadores", {"energia": 100, "ultima_energia": datetime.utcnow().isoformat()}, f"id=eq.{HOST_ID}")
2026-03-21 16:21:19,139 - INFO - HTTP Request: PATCH https://wdbupgqymgqfpobcbfze.supabase.co/rest/v1/jugadores?id=eq.8127548189 "HTTP/1.1 200 OK"
2026-03-21 16:21:19,764 - INFO - HTTP Request: POST https://api.telegram.org/bot8759601075:AAHuztMAKGLO9b-nkmQzANsgjkNEQDcJvnU/editMessageText "HTTP/1.1 200 OK"
2026-03-21 16:21:25,660 - INFO - HTTP Request: POST https://api.telegram.org/bot8759601075:AAHuztMAKGLO9b-nkmQzANsgjkNEQDcJvnU/getUpdates "HTTP/1.1 200 OK"
2026-03-21 16:21:31,094 - INFO - HTTP Request: POST https://api.telegram.org/bot8759601075:AAHuztMAKGLO9b-nkmQzANsgjkNEQDcJvnU/getUpdates "HTTP/1.1 200 OK"
2026-03-21 16:21:32,783 - INFO - HTTP Request: POST https://api.telegram.org/bot8759601075:AAHuztMAKGLO9b-nkmQzANsgjkNEQDcJvnU/answerCallbackQuery "HTTP/1.1 200 OK"
2026-03-21 16:21:33,434 - INFO - HTTP Request: POST https://api.telegram.org/bot8759601075:AAHuztMAKGLO9b-nkmQzANsgjkNEQDcJvnU/editMessageText "HTTP/1.1 200 OK"
2026-03-21 16:21:35,166 - INFO - HTTP Request: POST https://api.telegram.org/bot8759601075:AAHuztMAKGLO9b-nkmQzANsgjkNEQDcJvnU/getUpdates "HTTP/1.1 200 OK"
2026-03-21 16:21:35,746 - INFO - HTTP Request: POST https://api.telegram.org/bot8759601075:AAHuztMAKGLO9b-nkmQzANsgjkNEQDcJvnU/answerCallbackQuery "HTTP/1.1 200 OK"
2026-03-21 16:21:36,879 - INFO - HTTP Request: PATCH https://wdbupgqymgqfpobcbfze.supabase.co/rest/v1/jugadores?id=eq.8127548189 "HTTP/1.1 200 OK"
2026-03-21 16:21:37,327 - INFO - HTTP Request: POST https://api.telegram.org/bot8759601075:AAHuztMAKGLO9b-nkmQzANsgjkNEQDcJvnU/editMessageText "HTTP/1.1 200 OK"
2026-03-21 16:21:45,678 - INFO - HTTP Request: POST https://api.telegram.org/bot8759601075:AAHuztMAKGLO9b-nkmQzANsgjkNEQDcJvnU/getUpdates "HTTP/1.1 200 OK"
2026-03-21 16:21:56,016 - INFO - HTTP Request: POST https://api.telegram.org/bot8759601075:AAHuztMAKGLO9b-nkmQzANsgjkNEQDcJvnU/getUpdates "HTTP/1.1 200 OK"
2026-03-21 16:22:06,373 - INFO - HTTP Request: POST https://api.telegram.org/bot8759601075:AAHuztMAKGLO9b-nkmQzANsgjkNEQDcJvnU/getUpdates "HTTP/1.1 200 OK"
2026-03-21 16:22:16,874 - INFO - HTTP Request: POST https://api.telegram.org/bot8759601075:AAHuztMAKGLO9b-nkmQzANsgjkNEQDcJvnU/getUpdates "HTTP/1.1 200 OK"
2026-03-21 16:22:27,213 - INFO - HTTP Request: POST https://api.telegram.org/bot8759601075:AAHuztMAKGLO9b-nkmQzANsgjkNEQDcJvnU/getUpdates "HTTP/1.1 200 OK"
2026-03-21 16:22:37,583 - INFO - HTTP Request: POST https://api.telegram.org/bot8759601075:AAHuztMAKGLO9b-nkmQzANsgjkNEQDcJvnU/getUpdates "HTTP/1.1 200 OK"
2026-03-21 16:22:47,903 - INFO - HTTP Request: POST https://api.telegram.org/bot8759601075:AAHuztMAKGLO9b-nkmQzANsgjkNEQDcJvnU/getUpdates "HTTP/1.1 200 OK"
2026-03-21 16:22:58,393 - INFO - HTTP Request: POST https://api.telegram.org/bot8759601075:AAHuztMAKGLO9b-nkmQzANsgjkNEQDcJvnU/getUpdates "HTTP/1.1 200 OK"
2026-03-21 16:23:08,884 - INFO - HTTP Request: POST https://api.telegram.org/bot8759601075:AAHuztMAKGLO9b-nkmQzANsgjkNEQDcJvnU/getUpdates "HTTP/1.1 200 OK"
2026-03-21 16:23:19,215 - INFO - HTTP Request: POST https://api.telegram.org/bot8759601075:AAHuztMAKGLO9b-nkmQzANsgjkNEQDcJvnU/getUpdates "HTTP/1.1 200 OK"
2026-03-21 16:23:29,578 - INFO - HTTP Request: POST https://api.telegram.org/bot8759601075:AAHuztMAKGLO9b-nkmQzANsgjkNEQDcJvnU/getUpdates "HTTP/1.1 200 OK"
2026-03-21 16:23:40,063 - INFO - HTTP Request: POST https://api.telegram.org/bot8759601075:AAHuztMAKGLO9b-nkmQzANsgjkNEQDcJvnU/getUpdates "HTTP/1.1 200 OK"
2026-03-21 16:23:50,546 - INFO - HTTP Request: POST https://api.telegram.org/bot8759601075:AAHuztMAKGLO9b-nkmQzANsgjkNEQDcJvnU/getUpdates "HTTP/1.1 200 OK"
2026-03-21 16:24:01,047 - INFO - HTTP Request: POST https://api.telegram.org/bot8759601075:AAHuztMAKGLO9b-nkmQzANsgjkNEQDcJvnU/getUpdates "HTTP/1.1 200 OK"
2026-03-21 16:24:11,523 - INFO - HTTP Request: POST https://api.telegram.org/bot8759601075:AAHuztMAKGLO9b-nkmQzANsgjkNEQDcJvnU/getUpdates "HTTP/1.1 200 OK"
2026-03-21 16:24:22,005 - INFO - HTTP Request: POST https://api.telegram.org/bot8759601075:AAHuztMAKGLO9b-nkmQzANsgjkNEQDcJvnU/getUpdates "HTTP/1.1 200 OK"
2026-03-21 16:24:32,489 - INFO - HTTP Request: POST https://api.telegram.org/bot8759601075:AAHuztMAKGLO9b-nkmQzANsgjkNEQDcJvnU/getUpdates "HTTP/1.1 200 OK"
2026-03-21 16:24:42,976 - INFO - HTTP Request: POST https://api.telegram.org/bot8759601075:AAHuztMAKGLO9b-nkmQzANsgjkNEQDcJvnU/getUpdates "HTTP/1.1 200 OK"
2026-03-21 16:24:53,476 - INFO - HTTP Request: POST https://api.telegram.org/bot8759601075:AAHuztMAKGLO9b-nkmQzANsgjkNEQDcJvnU/getUpdates "HTTP/1.1 200 OK"
2026-03-21 16:25:03,969 - INFO - HTTP Request: POST https://api.telegram.org/bot8759601075:AAHuztMAKGLO9b-nkmQzANsgjkNEQDcJvnU/getUpdates "HTTP/1.1 200 OK"
2026-03-21 16:25:14,452 - INFO - HTTP Request: POST https://api.telegram.org/bot8759601075:AAHuztMAKGLO9b-nkmQzANsgjkNEQDcJvnU/getUpdates "HTTP/1.1 200 OK"
2026-03-21 16:25:24,812 - INFO - HTTP Request: POST https://api.telegram.org/bot8759601075:AAHuztMAKGLO9b-nkmQzANsgjkNEQDcJvnU/getUpdates "HTTP/1.1 200 OK"
2026-03-21 16:25:35,173 - INFO - HTTP Request: POST https://api.telegram.org/bot8759601075:AAHuztMAKGLO9b-nkmQzANsgjkNEQDcJvnU/getUpdates "HTTP/1.1 200 OK"
2026-03-21 16:25:45,522 - INFO - HTTP Request: POST https://api.telegram.org/bot8759601075:AAHuztMAKGLO9b-nkmQzANsgjkNEQDcJvnU/getUpdates "HTTP/1.1 200 OK"
2026-03-21 16:25:56,004 - INFO - HTTP Request: POST https://api.telegram.org/bot8759601075:AAHuztMAKGLO9b-nkmQzANsgjkNEQDcJvnU/getUpdates "HTTP/1.1 200 OK"
2026-03-21 16:26:06,481 - INFO - HTTP Request: POST https://api.telegram.org/bot8759601075:AAHuztMAKGLO9b-nkmQzANsgjkNEQDcJvnU/getUpdates "HTTP/1.1 200 OK"
2026-03-21 16:26:15,855 - INFO - HTTP Request: POST https://api.telegram.org/bot8759601075:AAHuztMAKGLO9b-nkmQzANsgjkNEQDcJvnU/getUpdates "HTTP/1.1 200 OK"
2026-03-21 16:26:17,688 - INFO - HTTP Request: POST https://api.telegram.org/bot8759601075:AAHuztMAKGLO9b-nkmQzANsgjkNEQDcJvnU/answerCallbackQuery "HTTP/1.1 200 OK"
2026-03-21 16:26:18,311 - INFO - HTTP Request: POST https://api.telegram.org/bot8759601075:AAHuztMAKGLO9b-nkmQzANsgjkNEQDcJvnU/editMessageText "HTTP/1.1 200 OK"
2026-03-21 16:26:21,350 - INFO - HTTP Request: POST https://api.telegram.org/bot8759601075:AAHuztMAKGLO9b-nkmQzANsgjkNEQDcJvnU/getUpdates "HTTP/1.1 200 OK"
2026-03-21 16:26:21,814 - INFO - HTTP Request: POST https://api.telegram.org/bot8759601075:AAHuztMAKGLO9b-nkmQzANsgjkNEQDcJvnU/answerCallbackQuery "HTTP/1.1 200 OK"
2026-03-21 16:26:22,711 - INFO - HTTP Request: PATCH https://wdbupgqymgqfpobcbfze.supabase.co/rest/v1/jugadores?id=eq.8127548189 "HTTP/1.1 200 OK"
2026-03-21 16:26:23,372 - INFO - HTTP Request: POST https://api.telegram.org/bot8759601075:AAHuztMAKGLO9b-nkmQzANsgjkNEQDcJvnU/editMessageText "HTTP/1.1 200 OK"
2026-03-21 16:26:31,851 - INFO - HTTP Request: POST https://api.telegram.org/bot8759601075:AAHuztMAKGLO9b-nkmQzANsgjkNEQDcJvnU/getUpdates "HTTP/1.1 200 OK"
2026-03-21 16:26:42,219 - INFO - HTTP Request: POST https://api.telegram.org/bot8759601075:AAHuztMAKGLO9b-nkmQzANsgjkNEQDcJvnU/getUpdates "HTTP/1.1 200 OK"
2026-03-21 16:26:52,698 - INFO - HTTP Request: POST https://api.telegram.org/bot8759601075:AAHuztMAKGLO9b-nkmQzANsgjkNEQDcJvnU/getUpdates "HTTP/1.1 200 OK"
2026-03-21 16:27:03,195 - INFO - HTTP Request: POST https://api.telegram.org/bot8759601075:AAHuztMAKGLO9b-nkmQzANsgjkNEQDcJvnU/getUpdates "HTTP/1.1 200 OK"
2026-03-21 16:27:13,550 - INFO - HTTP Request: POST https://api.telegram.org/bot8759601075:AAHuztMAKGLO9b-nkmQzANsgjkNEQDcJvnU/getUpdates "HTTP/1.1 200 OK"
2026-03-21 16:27:24,051 - INFO - HTTP Request: POST https://api.telegram.org/bot8759601075:AAHuztMAKGLO9b-nkmQzANsgjkNEQDcJvnU/getUpdates "HTTP/1.1 200 OK"
2026-03-21 16:27:34,537 - INFO - HTTP Request: POST https://api.telegram.org/bot8759601075:AAHuztMAKGLO9b-nkmQzANsgjkNEQDcJvnU/getUpdates "HTTP/1.1 200 OK"
2026-03-21 16:27:45,012 - INFO - HTTP Request: POST https://api.telegram.org/bot8759601075:AAHuztMAKGLO9b-nkmQzANsgjkNEQDcJvnU/getUpdates "HTTP/1.1 200 OK"
2026-03-21 16:27:55,359 - INFO - HTTP Request: POST https://api.telegram.org/bot8759601075:AAHuztMAKGLO9b-nkmQzANsgjkNEQDcJvnU/getUpdates "HTTP/1.1 200 OK"
2026-03-21 16:28:05,693 - INFO - HTTP Request: POST https://api.telegram.org/bot8759601075:AAHuztMAKGLO9b-nkmQzANsgjkNEQDcJvnU/getUpdates "HTTP/1.1 200 OK"
2026-03-21 16:28:16,180 - INFO - HTTP Request: POST https://api.telegram.org/bot8759601075:AAHuztMAKGLO9b-nkmQzANsgjkNEQDcJvnU/getUpdates "HTTP/1.1 200 OK"
2026-03-21 16:28:26,531 - INFO - HTTP Request: POST https://api.telegram.org/bot8759601075:AAHuztMAKGLO9b-nkmQzANsgjkNEQDcJvnU/getUpdates "HTTP/1.1 200 OK"
2026-03-21 16:28:37,021 - INFO - HTTP Request: POST https://api.telegram.org/bot8759601075:AAHuztMAKGLO9b-nkmQzANsgjkNEQDcJvnU/getUpdates "HTTP/1.1 200 OK"
2026-03-21 16:28:47,371 - INFO - HTTP Request: POST https://api.telegram.org/bot8759601075:AAHuztMAKGLO9b-nkmQzANsgjkNEQDcJvnU/getUpdates "HTTP/1.1 200 OK"
2026-03-21 16:28:57,878 - INFO - HTTP Request: POST https://api.telegram.org/bot8759601075:AAHuztMAKGLO9b-nkmQzANsgjkNEQDcJvnU/getUpdates "HTTP/1.1 200 OK"
2026-03-21 16:29:08,370 - INFO - HTTP Request: POST https://api.telegram.org/bot8759601075:AAHuztMAKGLO9b-nkmQzANsgjkNEQDcJvnU/getUpdates "HTTP/1.1 200 OK"
2026-03-21 16:29:18,852 - INFO - HTTP Request: POST https://api.telegram.org/bot8759601075:AAHuztMAKGLO9b-nkmQzANsgjkNEQDcJvnU/getUpdates "HTTP/1.1 200 OK"
2026-03-21 16:29:29,221 - INFO - HTTP Request: POST https://api.telegram.org/bot8759601075:AAHuztMAKGLO9b-nkmQzANsgjkNEQDcJvnU/getUpdates "HTTP/1.1 200 OK"
2026-03-21 16:29:39,710 - INFO - HTTP Request: POST https://api.telegram.org/bot8759601075:AAHuztMAKGLO9b-nkmQzANsgjkNEQDcJvnU/getUpdates "HTTP/1.1 200 OK"
2026-03-21 16:29:50,200 - INFO - HTTP Request: POST https://api.telegram.org/bot8759601075:AAHuztMAKGLO9b-nkmQzANsgjkNEQDcJvnU/getUpdates "HTTP/1.1 200 OK"
2026-03-21 16:30:00,522 - INFO - HTTP Request: POST https://api.telegram.org/bot8759601075:AAHuztMAKGLO9b-nkmQzANsgjkNEQDcJvnU/getUpdates "HTTP/1.1 200 OK"
2026-03-21 16:30:10,880 - INFO - HTTP Request: POST https://api.telegram.org/bot8759601075:AAHuztMAKGLO9b-nkmQzANsgjkNEQDcJvnU/getUpdates "HTTP/1.1 200 OK"
2026-03-21 16:30:21,359 - INFO - HTTP Request: POST https://api.telegram.org/bot8759601075:AAHuztMAKGLO9b-nkmQzANsgjkNEQDcJvnU/getUpdates "HTTP/1.1 200 OK"
2026-03-21 16:30:31,693 - INFO - HTTP Request: POST https://api.telegram.org/bot8759601075:AAHuztMAKGLO9b-nkmQzANsgjkNEQDcJvnU/getUpdates "HTTP/1.1 200 OK"
2026-03-21 16:30:42,063 - INFO - HTTP Request: POST https://api.telegram.org/bot8759601075:AAHuztMAKGLO9b-nkmQzANsgjkNEQDcJvnU/getUpdates "HTTP/1.1 200 OK"
2026-03-21 16:30:52,542 - INFO - HTTP Request: POST https://api.telegram.org/bot8759601075:AAHuztMAKGLO9b-nkmQzANsgjkNEQDcJvnU/getUpdates "HTTP/1.1 200 OK"
2026-03-21 16:31:03,037 - INFO - HTTP Request: POST https://api.telegram.org/bot8759601075:AAHuztMAKGLO9b-nkmQzANsgjkNEQDcJvnU/getUpdates "HTTP/1.1 200 OK"
2026-03-21 16:31:13,516 - INFO - HTTP Request: POST https://api.telegram.org/bot8759601075:AAHuztMAKGLO9b-nkmQzANsgjkNEQDcJvnU/getUpdates "HTTP/1.1 200 OK"
2026-03-21 16:31:23,850 - INFO - HTTP Request: POST https://api.telegram.org/bot8759601075:AAHuztMAKGLO9b-nkmQzANsgjkNEQDcJvnU/getUpdates "HTTP/1.1 200 OK"
2026-03-21 16:31:34,321 - INFO - HTTP Request: POST https://api.telegram.org/bot8759601075:AAHuztMAKGLO9b-nkmQzANsgjkNEQDcJvnU/getUpdates "HTTP/1.1 200 OK"
2026-03-21 16:31:44,644 - INFO - HTTP Request: POST https://api.telegram.org/bot8759601075:AAHuztMAKGLO9b-nkmQzANsgjkNEQDcJvnU/getUpdates "HTTP/1.1 200 OK"
2026-03-21 16:31:55,015 - INFO - HTTP Request: POST https://api.telegram.org/bot8759601075:AAHuztMAKGLO9b-nkmQzANsgjkNEQDcJvnU/getUpdates "HTTP/1.1 200 OK"
2026-03-21 16:32:05,503 - INFO - HTTP Request: POST https://api.telegram.org/bot8759601075:AAHuztMAKGLO9b-nkmQzANsgjkNEQDcJvnU/getUpdates "HTTP/1.1 200 OK"
2026-03-21 16:32:15,983 - INFO - HTTP Request: POST https://api.telegram.org/bot8759601075:AAHuztMAKGLO9b-nkmQzANsgjkNEQDcJvnU/getUpdates "HTTP/1.1 200 OK"
2026-03-21 16:32:26,323 - INFO - HTTP Request: POST https://api.telegram.org/bot8759601075:AAHuztMAKGLO9b-nkmQzANsgjkNEQDcJvnU/getUpdates "HTTP/1.1 200 OK"
2026-03-21 16:32:36,790 - INFO - HTTP Request: POST https://api.telegram.org/bot8759601075:AAHuztMAKGLO9b-nkmQzANsgjkNEQDcJvnU/getUpdates "HTTP/1.1 200 OK"
2026-03-21 16:32:47,273 - INFO - HTTP Request: POST https://api.telegram.org/bot8759601075:AAHuztMAKGLO9b-nkmQzANsgjkNEQDcJvnU/getUpdates "HTTP/1.1 200 OK"
2026-03-21 16:32:57,762 - INFO - HTTP Request: POST https://api.telegram.org/bot8759601075:AAHuztMAKGLO9b-nkmQzANsgjkNEQDcJvnU/getUpdates "HTTP/1.1 200 OK"
2026-03-21 16:33:08,241 - INFO - HTTP Request: POST https://api.telegram.org/bot8759601075:AAHuztMAKGLO9b-nkmQzANsgjkNEQDcJvnU/getUpdates "HTTP/1.1 200 OK"
2026-03-21 16:33:18,722 - INFO - HTTP Request: POST https://api.telegram.org/bot8759601075:AAHuztMAKGLO9b-nkmQzANsgjkNEQDcJvnU/getUpdates "HTTP/1.1 200 OK"
2026-03-21 16:33:29,053 - INFO - HTTP Request: POST https://api.telegram.org/bot8759601075:AAHuztMAKGLO9b-nkmQzANsgjkNEQDcJvnU/getUpdates "HTTP/1.1 200 OK"
2026-03-21 16:33:39,551 - INFO - HTTP Request: POST https://api.telegram.org/bot8759601075:AAHuztMAKGLO9b-nkmQzANsgjkNEQDcJvnU/getUpdates "HTTP/1.1 200 OK"
2026-03-21 16:33:50,037 - INFO - HTTP Request: POST https://api.telegram.org/bot8759601075:AAHuztMAKGLO9b-nkmQzANsgjkNEQDcJvnU/getUpdates "HTTP/1.1 200 OK"
2026-03-21 16:34:00,534 - INFO - HTTP Request: POST https://api.telegram.org/bot8759601075:AAHuztMAKGLO9b-nkmQzANsgjkNEQDcJvnU/getUpdates "HTTP/1.1 200 OK"
2026-03-21 16:34:11,035 - INFO - HTTP Request: POST https://api.telegram.org/bot8759601075:AAHuztMAKGLO9b-nkmQzANsgjkNEQDcJvnU/getUpdates "HTTP/1.1 200 OK"
2026-03-21 16:34:21,522 - INFO - HTTP Request: POST https://api.telegram.org/bot8759601075:AAHuztMAKGLO9b-nkmQzANsgjkNEQDcJvnU/getUpdates "HTTP/1.1 200 OK"
2026-03-21 16:34:32,040 - INFO - HTTP Request: POST https://api.telegram.org/bot8759601075:AAHuztMAKGLO9b-nkmQzANsgjkNEQDcJvnU/getUpdates "HTTP/1.1 200 OK"
2026-03-21 16:34:42,531 - INFO - HTTP Request: POST https://api.telegram.org/bot8759601075:AAHuztMAKGLO9b-nkmQzANsgjkNEQDcJvnU/getUpdates "HTTP/1.1 200 OK"
2026-03-21 16:34:53,025 - INFO - HTTP Request: POST https://api.telegram.org/bot8759601075:AAHuztMAKGLO9b-nkmQzANsgjkNEQDcJvnU/getUpdates "HTTP/1.1 200 OK"
2026-03-21 16:35:03,392 - INFO - HTTP Request: POST https://api.telegram.org/bot8759601075:AAHuztMAKGLO9b-nkmQzANsgjkNEQDcJvnU/getUpdates "HTTP/1.1 200 OK"
2026-03-21 16:35:13,902 - INFO - HTTP Request: POST https://api.telegram.org/bot8759601075:AAHuztMAKGLO9b-nkmQzANsgjkNEQDcJvnU/getUpdates "HTTP/1.1 200 OK"
2026-03-21 16:35:24,390 - INFO - HTTP Request: POST https://api.telegram.org/bot8759601075:AAHuztMAKGLO9b-nkmQzANsgjkNEQDcJvnU/getUpdates "HTTP/1.1 200 OK"
2026-03-21 16:35:34,880 - INFO - HTTP Request: POST https://api.telegram.org/bot8759601075:AAHuztMAKGLO9b-nkmQzANsgjkNEQDcJvnU/getUpdates "HTTP/1.1 200 OK"
2026-03-21 16:35:45,378 - INFO - HTTP Request: POST https://api.telegram.org/bot8759601075:AAHuztMAKGLO9b-nkmQzANsgjkNEQDcJvnU/getUpdates "HTTP/1.1 200 OK"
2026-03-21 16:35:55,859 - INFO - HTTP Request: POST https://api.telegram.org/bot8759601075:AAHuztMAKGLO9b-nkmQzANsgjkNEQDcJvnU/getUpdates "HTTP/1.1 200 OK"
2026-03-21 16:36:07,532 - INFO - HTTP Request: POST https://api.telegram.org/bot8759601075:AAHuztMAKGLO9b-nkmQzANsgjkNEQDcJvnU/getUpdates "HTTP/1.1 200 OK"
2026-03-21 16:36:16,658 - INFO - HTTP Request: POST https://api.telegram.org/bot8759601075:AAHuztMAKGLO9b-nkmQzANsgjkNEQDcJvnU/getUpdates "HTTP/1.1 200 OK"
2026-03-21 16:36:18,381 - INFO - HTTP Request: POST https://api.telegram.org/bot8759601075:AAHuztMAKGLO9b-nkmQzANsgjkNEQDcJvnU/answerCallbackQuery "HTTP/1.1 200 OK"
2026-03-21 16:36:18,989 - INFO - HTTP Request: POST https://api.telegram.org/bot8759601075:AAHuztMAKGLO9b-nkmQzANsgjkNEQDcJvnU/editMessageText "HTTP/1.1 200 OK"
2026-03-21 16:36:20,698 - INFO - HTTP Request: POST https://api.telegram.org/bot8759601075:AAHuztMAKGLO9b-nkmQzANsgjkNEQDcJvnU/getUpdates "HTTP/1.1 200 OK"
2026-03-21 16:36:21,159 - INFO - HTTP Request: POST https://api.telegram.org/bot8759601075:AAHuztMAKGLO9b-nkmQzANsgjkNEQDcJvnU/answerCallbackQuery "HTTP/1.1 200 OK"
2026-03-21 16:36:22,130 - INFO - HTTP Request: PATCH https://wdbupgqymgqfpobcbfze.supabase.co/rest/v1/jugadores?id=eq.8127548189 "HTTP/1.1 200 OK"
2026-03-21 16:36:22,762 - INFO - HTTP Request: POST https://api.telegram.org/bot8759601075:AAHuztMAKGLO9b-nkmQzANsgjkNEQDcJvnU/editMessageText "HTTP/1.1 200 OK"
2026-03-21 16:36:31,045 - INFO - HTTP Request: POST https://api.telegram.org/bot8759601075:AAHuztMAKGLO9b-nkmQzANsgjkNEQDcJvnU/getUpdates "HTTP/1.1 200 OK"
2026-03-21 16:36:41,532 - INFO - HTTP Request: POST https://api.telegram.org/bot8759601075:AAHuztMAKGLO9b-nkmQzANsgjkNEQDcJvnU/getUpdates "HTTP/1.1 200 OK"
2026-03-21 16:36:52,037 - INFO - HTTP Request: POST https://api.telegram.org/bot8759601075:AAHuztMAKGLO9b-nkmQzANsgjkNEQDcJvnU/getUpdates "HTTP/1.1 200 OK"
2026-03-21 16:37:02,518 - INFO - HTTP Request: POST https://api.telegram.org/bot8759601075:AAHuztMAKGLO9b-nkmQzANsgjkNEQDcJvnU/getUpdates "HTTP/1.1 200 OK"
2026-03-21 16:37:12,861 - INFO - HTTP Request: POST https://api.telegram.org/bot8759601075:AAHuztMAKGLO9b-nkmQzANsgjkNEQDcJvnU/getUpdates "HTTP/1.1 200 OK"
2026-03-21 16:37:23,335 - INFO - HTTP Request: POST https://api.telegram.org/bot8759601075:AAHuztMAKGLO9b-nkmQzANsgjkNEQDcJvnU/getUpdates "HTTP/1.1 200 OK"
2026-03-21 16:37:33,813 - INFO - HTTP Request: POST https://api.telegram.org/bot8759601075:AAHuztMAKGLO9b-nkmQzANsgjkNEQDcJvnU/getUpdates "HTTP/1.1 200 OK"
2026-03-21 16:37:44,305 - INFO - HTTP Request: POST https://api.telegram.org/bot8759601075:AAHuztMAKGLO9b-nkmQzANsgjkNEQDcJvnU/getUpdates "HTTP/1.1 200 OK"
2026-03-21 16:37:54,778 - INFO - HTTP Request: POST https://api.telegram.org/bot8759601075:AAHuztMAKGLO9b-nkmQzANsgjkNEQDcJvnU/getUpdates "HTTP/1.1 200 OK"
2026-03-21 16:38:05,280 - INFO - HTTP Request: POST https://api.telegram.org/bot8759601075:AAHuztMAKGLO9b-nkmQzANsgjkNEQDcJvnU/getUpdates "HTTP/1.1 200 OK"
2026-03-21 16:38:15,762 - INFO - HTTP Request: POST https://api.telegram.org/bot8759601075:AAHuztMAKGLO9b-nkmQzANsgjkNEQDcJvnU/getUpdates "HTTP/1.1 200 OK"
2026-03-21 16:38:26,232 - INFO - HTTP Request: POST https://api.telegram.org/bot8759601075:AAHuztMAKGLO9b-nkmQzANsgjkNEQDcJvnU/getUpdates "HTTP/1.1 200 OK"
2026-03-21 16:38:36,726 - INFO - HTTP Request: POST https://api.telegram.org/bot8759601075:AAHuztMAKGLO9b-nkmQzANsgjkNEQDcJvnU/getUpdates "HTTP/1.1 200 OK"
2026-03-21 16:38:44,580 - INFO - HTTP Request: POST https://api.telegram.org/bot8759601075:AAHuztMAKGLO9b-nkmQzANsgjkNEQDcJvnU/getUpdates "HTTP/1.1 200 OK"
2026-03-21 16:38:46,614 - INFO - HTTP Request: POST https://api.telegram.org/bot8759601075:AAHuztMAKGLO9b-nkmQzANsgjkNEQDcJvnU/answerCallbackQuery "HTTP/1.1 200 OK"
2026-03-21 16:38:47,392 - INFO - HTTP Request: POST https://api.telegram.org/bot8759601075:AAHuztMAKGLO9b-nkmQzANsgjkNEQDcJvnU/editMessageText "HTTP/1.1 200 OK"
2026-03-21 16:38:49,264 - INFO - HTTP Request: POST https://api.telegram.org/bot8759601075:AAHuztMAKGLO9b-nkmQzANsgjkNEQDcJvnU/getUpdates "HTTP/1.1 200 OK"
2026-03-21 16:38:49,858 - INFO - HTTP Request: POST https://api.telegram.org/bot8759601075:AAHuztMAKGLO9b-nkmQzANsgjkNEQDcJvnU/answerCallbackQuery "HTTP/1.1 200 OK"
2026-03-21 16:38:51,364 - INFO - HTTP Request: PATCH https://wdbupgqymgqfpobcbfze.supabase.co/rest/v1/jugadores?id=eq.8127548189 "HTTP/1.1 200 OK"
2026-03-21 16:38:51,948 - INFO - HTTP Request: POST https://api.telegram.org/bot8759601075:AAHuztMAKGLO9b-nkmQzANsgjkNEQDcJvnU/editMessageText "HTTP/1.1 200 OK"
2026-03-21 16:38:59,736 - INFO - HTTP Request: POST https://api.telegram.org/bot8759601075:AAHuztMAKGLO9b-nkmQzANsgjkNEQDcJvnU/getUpdates "HTTP/1.1 200 OK"
2026-03-21 16:39:10,079 - INFO - HTTP Request: POST https://api.telegram.org/bot8759601075:AAHuztMAKGLO9b-nkmQzANsgjkNEQDcJvnU/getUpdates "HTTP/1.1 200 OK"
2026-03-21 16:39:20,548 - INFO - HTTP Request: POST https://api.telegram.org/bot8759601075:AAHuztMAKGLO9b-nkmQzANsgjkNEQDcJvnU/getUpdates "HTTP/1.1 200 OK"
2026-03-21 16:39:31,019 - INFO - HTTP Request: POST https://api.telegram.org/bot8759601075:AAHuztMAKGLO9b-nkmQzANsgjkNEQDcJvnU/getUpdates "HTTP/1.1 200 OK"
2026-03-21 16:39:41,479 - INFO - HTTP Request: POST https://api.telegram.org/bot8759601075:AAHuztMAKGLO9b-nkmQzANsgjkNEQDcJvnU/getUpdates "HTTP/1.1 200 OK"
2026-03-21 16:39:51,820 - INFO - HTTP Request: POST https://api.telegram.org/bot8759601075:AAHuztMAKGLO9b-nkmQzANsgjkNEQDcJvnU/getUpdates "HTTP/1.1 200 OK"
2026-03-21 16:40:02,282 - INFO - HTTP Request: POST https://api.telegram.org/bot8759601075:AAHuztMAKGLO9b-nkmQzANsgjkNEQDcJvnU/getUpdates "HTTP/1.1 200 OK"
2026-03-21 16:40:12,758 - INFO - HTTP Request: POST https://api.telegram.org/bot8759601075:AAHuztMAKGLO9b-nkmQzANsgjkNEQDcJvnU/getUpdates "HTTP/1.1 200 OK"
2026-03-21 16:40:23,238 - INFO - HTTP Request: POST https://api.telegram.org/bot8759601075:AAHuztMAKGLO9b-nkmQzANsgjkNEQDcJvnU/getUpdates "HTTP/1.1 200 OK"
2026-03-21 16:40:33,702 - INFO - HTTP Request: POST https://api.telegram.org/bot8759601075:AAHuztMAKGLO9b-nkmQzANsgjkNEQDcJvnU/getUpdates "HTTP/1.1 200 OK"
2026-03-21 16:40:44,169 - INFO - HTTP Request: POST https://api.telegram.org/bot8759601075:AAHuztMAKGLO9b-nkmQzANsgjkNEQDcJvnU/getUpdates "HTTP/1.1 200 OK"
2026-03-21 16:40:54,661 - INFO - HTTP Request: POST https://api.telegram.org/bot8759601075:AAHuztMAKGLO9b-nkmQzANsgjkNEQDcJvnU/getUpdates "HTTP/1.1 200 OK"
2026-03-21 16:41:04,978 - INFO - HTTP Request: POST https://api.telegram.org/bot8759601075:AAHuztMAKGLO9b-nkmQzANsgjkNEQDcJvnU/getUpdates "HTTP/1.1 200 OK"
2026-03-21 16:41:15,450 - INFO - HTTP Request: POST https://api.telegram.org/bot8759601075:AAHuztMAKGLO9b-nkmQzANsgjkNEQDcJvnU/getUpdates "HTTP/1.1 200 OK"
2026-03-21 16:41:25,936 - INFO - HTTP Request: POST https://api.telegram.org/bot8759601075:AAHuztMAKGLO9b-nkmQzANsgjkNEQDcJvnU/getUpdates "HTTP/1.1 200 OK"
2026-03-21 16:41:36,288 - INFO - HTTP Request: POST https://api.telegram.org/bot8759601075:AAHuztMAKGLO9b-nkmQzANsgjkNEQDcJvnU/getUpdates "HTTP/1.1 200 OK"
2026-03-21 16:41:46,644 - INFO - HTTP Request: POST https://api.telegram.org/bot8759601075:AAHuztMAKGLO9b-nkmQzANsgjkNEQDcJvnU/getUpdates "HTTP/1.1 200 OK"
2026-03-21 16:41:57,121 - INFO - HTTP Request: POST https://api.telegram.org/bot8759601075:AAHuztMAKGLO9b-nkmQzANsgjkNEQDcJvnU/getUpdates "HTTP/1.1 200 OK"
2026-03-21 16:42:07,586 - INFO - HTTP Request: POST https://api.telegram.org/bot8759601075:AAHuztMAKGLO9b-nkmQzANsgjkNEQDcJvnU/getUpdates "HTTP/1.1 200 OK"
2026-03-21 16:42:18,062 - INFO - HTTP Request: POST https://api.telegram.org/bot8759601075:AAHuztMAKGLO9b-nkmQzANsgjkNEQDcJvnU/getUpdates "HTTP/1.1 200 OK"
2026-03-21 16:42:28,541 - INFO - HTTP Request: POST https://api.telegram.org/bot8759601075:AAHuztMAKGLO9b-nkmQzANsgjkNEQDcJvnU/getUpdates "HTTP/1.1 200 OK"
2026-03-21 16:42:39,004 - INFO - HTTP Request: POST https://api.telegram.org/bot8759601075:AAHuztMAKGLO9b-nkmQzANsgjkNEQDcJvnU/getUpdates "HTTP/1.1 200 OK"
2026-03-21 16:42:49,482 - INFO - HTTP Request: POST https://api.telegram.org/bot8759601075:AAHuztMAKGLO9b-nkmQzANsgjkNEQDcJvnU/getUpdates "HTTP/1.1 200 OK"
2026-03-21 16:42:59,941 - INFO - HTTP Request: POST https://api.telegram.org/bot8759601075:AAHuztMAKGLO9b-nkmQzANsgjkNEQDcJvnU/getUpdates "HTTP/1.1 200 OK"
2026-03-21 16:43:10,280 - INFO - HTTP Request: POST https://api.telegram.org/bot8759601075:AAHuztMAKGLO9b-nkmQzANsgjkNEQDcJvnU/getUpdates "HTTP/1.1 200 OK"
2026-03-21 16:43:20,744 - INFO - HTTP Request: POST https://api.telegram.org/bot8759601075:AAHuztMAKGLO9b-nkmQzANsgjkNEQDcJvnU/getUpdates "HTTP/1.1 200 OK"
2026-03-21 16:43:31,240 - INFO - HTTP Request: POST https://api.telegram.org/bot8759601075:AAHuztMAKGLO9b-nkmQzANsgjkNEQDcJvnU/getUpdates "HTTP/1.1 200 OK"
2026-03-21 16:43:41,727 - INFO - HTTP Request: POST https://api.telegram.org/bot8759601075:AAHuztMAKGLO9b-nkmQzANsgjkNEQDcJvnU/getUpdates "HTTP/1.1 200 OK"
2026-03-21 16:43:52,078 - INFO - HTTP Request: POST https://api.telegram.org/bot8759601075:AAHuztMAKGLO9b-nkmQzANsgjkNEQDcJvnU/getUpdates "HTTP/1.1 200 OK"
2026-03-21 16:44:02,539 - INFO - HTTP Request: POST https://api.telegram.org/bot8759601075:AAHuztMAKGLO9b-nkmQzANsgjkNEQDcJvnU/getUpdates "HTTP/1.1 200 OK"
2026-03-21 16:44:13,015 - INFO - HTTP Request: POST https://api.telegram.org/bot8759601075:AAHuztMAKGLO9b-nkmQzANsgjkNEQDcJvnU/getUpdates "HTTP/1.1 200 OK"
2026-03-21 16:44:23,480 - INFO - HTTP Request: POST https://api.telegram.org/bot8759601075:AAHuztMAKGLO9b-nkmQzANsgjkNEQDcJvnU/getUpdates "HTTP/1.1 200 OK"
2026-03-21 16:44:33,803 - INFO - HTTP Request: POST https://api.telegram.org/bot8759601075:AAHuztMAKGLO9b-nkmQzANsgjkNEQDcJvnU/getUpdates "HTTP/1.1 200 OK"
2026-03-21 16:44:44,277 - INFO - HTTP Request: POST https://api.telegram.org/bot8759601075:AAHuztMAKGLO9b-nkmQzANsgjkNEQDcJvnU/getUpdates "HTTP/1.1 200 OK"
2026-03-21 16:44:54,775 - INFO - HTTP Request: POST https://api.telegram.org/bot8759601075:AAHuztMAKGLO9b-nkmQzANsgjkNEQDcJvnU/getUpdates "HTTP/1.1 200 OK"
2026-03-21 16:45:05,251 - INFO - HTTP Request: POST https://api.telegram.org/bot8759601075:AAHuztMAKGLO9b-nkmQzANsgjkNEQDcJvnU/getUpdates "HTTP/1.1 200 OK"
2026-03-21 16:45:15,733 - INFO - HTTP Request: POST https://api.telegram.org/bot8759601075:AAHuztMAKGLO9b-nkmQzANsgjkNEQDcJvnU/getUpdates "HTTP/1.1 200 OK"
2026-03-21 16:45:26,207 - INFO - HTTP Request: POST https://api.telegram.org/bot8759601075:AAHuztMAKGLO9b-nkmQzANsgjkNEQDcJvnU/getUpdates "HTTP/1.1 200 OK"
2026-03-21 16:45:36,693 - INFO - HTTP Request: POST https://api.telegram.org/bot8759601075:AAHuztMAKGLO9b-nkmQzANsgjkNEQDcJvnU/getUpdates "HTTP/1.1 200 OK"
2026-03-21 16:45:47,167 - INFO - HTTP Request: POST https://api.telegram.org/bot8759601075:AAHuztMAKGLO9b-nkmQzANsgjkNEQDcJvnU/getUpdates "HTTP/1.1 200 OK"
2026-03-21 16:45:57,624 - INFO - HTTP Request: POST https://api.telegram.org/bot8759601075:AAHuztMAKGLO9b-nkmQzANsgjkNEQDcJvnU/getUpdates "HTTP/1.1 200 OK"
2026-03-21 16:46:08,097 - INFO - HTTP Request: POST https://api.telegram.org/bot8759601075:AAHuztMAKGLO9b-nkmQzANsgjkNEQDcJvnU/getUpdates "HTTP/1.1 200 OK"
2026-03-21 16:46:18,559 - INFO - HTTP Request: POST https://api.telegram.org/bot8759601075:AAHuztMAKGLO9b-nkmQzANsgjkNEQDcJvnU/getUpdates "HTTP/1.1 200 OK"
2026-03-21 16:46:28,884 - INFO - HTTP Request: POST https://api.telegram.org/bot8759601075:AAHuztMAKGLO9b-nkmQzANsgjkNEQDcJvnU/getUpdates "HTTP/1.1 200 OK"
2026-03-21 16:46:39,211 - INFO - HTTP Request: POST https://api.telegram.org/bot8759601075:AAHuztMAKGLO9b-nkmQzANsgjkNEQDcJvnU/getUpdates "HTTP/1.1 200 OK"
2026-03-21 16:46:49,694 - INFO - HTTP Request: POST https://api.telegram.org/bot8759601075:AAHuztMAKGLO9b-nkmQzANsgjkNEQDcJvnU/getUpdates "HTTP/1.1 200 OK"
2026-03-21 16:47:00,162 - INFO - HTTP Request: POST https://api.telegram.org/bot8759601075:AAHuztMAKGLO9b-nkmQzANsgjkNEQDcJvnU/getUpdates "HTTP/1.1 200 OK"
2026-03-21 16:47:10,629 - INFO - HTTP Request: POST https://api.telegram.org/bot8759601075:AAHuztMAKGLO9b-nkmQzANsgjkNEQDcJvnU/getUpdates "HTTP/1.1 200 OK"
2026-03-21 16:47:20,994 - INFO - HTTP Request: POST https://api.telegram.org/bot8759601075:AAHuztMAKGLO9b-nkmQzANsgjkNEQDcJvnU/getUpdates "HTTP/1.1 200 OK"
2026-03-21 16:47:31,472 - INFO - HTTP Request: POST https://api.telegram.org/bot8759601075:AAHuztMAKGLO9b-nkmQzANsgjkNEQDcJvnU/getUpdates "HTTP/1.1 200 OK"
2026-03-21 16:47:41,933 - INFO - HTTP Request: POST https://api.telegram.org/bot8759601075:AAHuztMAKGLO9b-nkmQzANsgjkNEQDcJvnU/getUpdates "HTTP/1.1 200 OK"
2026-03-21 16:47:52,397 - INFO - HTTP Request: POST https://api.telegram.org/bot8759601075:AAHuztMAKGLO9b-nkmQzANsgjkNEQDcJvnU/getUpdates "HTTP/1.1 200 OK"
2026-03-21 16:48:02,874 - INFO - HTTP Request: POST https://api.telegram.org/bot8759601075:AAHuztMAKGLO9b-nkmQzANsgjkNEQDcJvnU/getUpdates "HTTP/1.1 200 OK"
2026-03-21 16:48:13,359 - INFO - HTTP Request: POST https://api.telegram.org/bot8759601075:AAHuztMAKGLO9b-nkmQzANsgjkNEQDcJvnU/getUpdates "HTTP/1.1 200 OK"
2026-03-21 16:48:23,871 - INFO - HTTP Request: POST https://api.telegram.org/bot8759601075:AAHuztMAKGLO9b-nkmQzANsgjkNEQDcJvnU/getUpdates "HTTP/1.1 200 OK"
2026-03-21 16:48:34,214 - INFO - HTTP Request: POST https://api.telegram.org/bot8759601075:AAHuztMAKGLO9b-nkmQzANsgjkNEQDcJvnU/getUpdates "HTTP/1.1 200 OK"
2026-03-21 16:48:44,677 - INFO - HTTP Request: POST https://api.telegram.org/bot8759601075:AAHuztMAKGLO9b-nkmQzANsgjkNEQDcJvnU/getUpdates "HTTP/1.1 200 OK"
2026-03-21 16:48:55,038 - INFO - HTTP Request: POST https://api.telegram.org/bot8759601075:AAHuztMAKGLO9b-nkmQzANsgjkNEQDcJvnU/getUpdates "HTTP/1.1 200 OK"
2026-03-21 16:49:05,508 - INFO - HTTP Request: POST https://api.telegram.org/bot8759601075:AAHuztMAKGLO9b-nkmQzANsgjkNEQDcJvnU/getUpdates "HTTP/1.1 200 OK"
2026-03-21 16:49:15,958 - INFO - HTTP Request: POST https://api.telegram.org/bot8759601075:AAHuztMAKGLO9b-nkmQzANsgjkNEQDcJvnU/getUpdates "HTTP/1.1 200 OK"
2026-03-21 16:49:26,449 - INFO - HTTP Request: POST https://api.telegram.org/bot8759601075:AAHuztMAKGLO9b-nkmQzANsgjkNEQDcJvnU/getUpdates "HTTP/1.1 200 OK"
2026-03-21 16:49:36,939 - INFO - HTTP Request: POST https://api.telegram.org/bot8759601075:AAHuztMAKGLO9b-nkmQzANsgjkNEQDcJvnU/getUpdates "HTTP/1.1 200 OK"
2026-03-21 16:49:47,279 - INFO - HTTP Request: POST https://api.telegram.org/bot8759601075:AAHuztMAKGLO9b-nkmQzANsgjkNEQDcJvnU/getUpdates "HTTP/1.1 200 OK"
2026-03-21 16:49:57,763 - INFO - HTTP Request: POST https://api.telegram.org/bot8759601075:AAHuztMAKGLO9b-nkmQzANsgjkNEQDcJvnU/getUpdates "HTTP/1.1 200 OK"
2026-03-21 16:50:08,224 - INFO - HTTP Request: POST https://api.telegram.org/bot8759601075:AAHuztMAKGLO9b-nkmQzANsgjkNEQDcJvnU/getUpdates "HTTP/1.1 200 OK"
2026-03-21 16:50:18,685 - INFO - HTTP Request: POST https://api.telegram.org/bot8759601075:AAHuztMAKGLO9b-nkmQzANsgjkNEQDcJvnU/getUpdates "HTTP/1.1 200 OK"
2026-03-21 16:50:29,138 - INFO - HTTP Request: POST https://api.telegram.org/bot8759601075:AAHuztMAKGLO9b-nkmQzANsgjkNEQDcJvnU/getUpdates "HTTP/1.1 200 OK"
2026-03-21 16:50:39,610 - INFO - HTTP Request: POST https://api.telegram.org/bot8759601075:AAHuztMAKGLO9b-nkmQzANsgjkNEQDcJvnU/getUpdates "HTTP/1.1 200 OK"
2026-03-21 16:50:50,085 - INFO - HTTP Request: POST https://api.telegram.org/bot8759601075:AAHuztMAKGLO9b-nkmQzANsgjkNEQDcJvnU/getUpdates "HTTP/1.1 200 OK"
2026-03-21 16:51:00,547 - INFO - HTTP Request: POST https://api.telegram.org/bot8759601075:AAHuztMAKGLO9b-nkmQzANsgjkNEQDcJvnU/getUpdates "HTTP/1.1 200 OK"
2026-03-21 16:51:11,055 - INFO - HTTP Request: POST https://api.telegram.org/bot8759601075:AAHuztMAKGLO9b-nkmQzANsgjkNEQDcJvnU/getUpdates "HTTP/1.1 200 OK"
2026-03-21 16:51:21,444 - INFO - HTTP Request: POST https://api.telegram.org/bot8759601075:AAHuztMAKGLO9b-nkmQzANsgjkNEQDcJvnU/getUpdates "HTTP/1.1 200 OK"
2026-03-21 16:51:31,923 - INFO - HTTP Request: POST https://api.telegram.org/bot8759601075:AAHuztMAKGLO9b-nkmQzANsgjkNEQDcJvnU/getUpdates "HTTP/1.1 200 OK"
2026-03-21 16:51:42,416 - INFO - HTTP Request: POST https://api.telegram.org/bot8759601075:AAHuztMAKGLO9b-nkmQzANsgjkNEQDcJvnU/getUpdates "HTTP/1.1 200 OK"
2026-03-21 16:51:52,913 - INFO - HTTP Request: POST https://api.telegram.org/bot8759601075:AAHuztMAKGLO9b-nkmQzANsgjkNEQDcJvnU/getUpdates "HTTP/1.1 200 OK"
2026-03-21 16:52:03,395 - INFO - HTTP Request: POST https://api.telegram.org/bot8759601075:AAHuztMAKGLO9b-nkmQzANsgjkNEQDcJvnU/getUpdates "HTTP/1.1 200 OK"
2026-03-21 16:52:13,878 - INFO - HTTP Request: POST https://api.telegram.org/bot8759601075:AAHuztMAKGLO9b-nkmQzANsgjkNEQDcJvnU/getUpdates "HTTP/1.1 200 OK"
2026-03-21 16:52:24,351 - INFO - HTTP Request: POST https://api.telegram.org/bot8759601075:AAHuztMAKGLO9b-nkmQzANsgjkNEQDcJvnU/getUpdates "HTTP/1.1 200 OK"
2026-03-21 16:52:34,698 - INFO - HTTP Request: POST https://api.telegram.org/bot8759601075:AAHuztMAKGLO9b-nkmQzANsgjkNEQDcJvnU/getUpdates "HTTP/1.1 200 OK"
2026-03-21 16:52:45,030 - INFO - HTTP Request: POST https://api.telegram.org/bot8759601075:AAHuztMAKGLO9b-nkmQzANsgjkNEQDcJvnU/getUpdates "HTTP/1.1 200 OK"
2026-03-21 16:52:55,364 - INFO - HTTP Request: POST https://api.telegram.org/bot8759601075:AAHuztMAKGLO9b-nkmQzANsgjkNEQDcJvnU/getUpdates "HTTP/1.1 200 OK"
2026-03-21 16:53:05,862 - INFO - HTTP Request: POST https://api.telegram.org/bot8759601075:AAHuztMAKGLO9b-nkmQzANsgjkNEQDcJvnU/getUpdates "HTTP/1.1 200 OK"
2026-03-21 16:53:17,623 - INFO - HTTP Request: POST https://api.telegram.org/bot8759601075:AAHuztMAKGLO9b-nkmQzANsgjkNEQDcJvnU/getUpdates "HTTP/1.1 200 OK"
2026-03-21 16:53:27,970 - INFO - HTTP Request: POST https://api.telegram.org/bot8759601075:AAHuztMAKGLO9b-nkmQzANsgjkNEQDcJvnU/getUpdates "HTTP/1.1 200 OK"
2026-03-21 16:53:38,445 - INFO - HTTP Request: POST https://api.telegram.org/bot8759601075:AAHuztMAKGLO9b-nkmQzANsgjkNEQDcJvnU/getUpdates "HTTP/1.1 200 OK"
2026-03-21 16:53:48,772 - INFO - HTTP Request: POST https://api.telegram.org/bot8759601075:AAHuztMAKGLO9b-nkmQzANsgjkNEQDcJvnU/getUpdates "HTTP/1.1 200 OK"
2026-03-21 16:53:59,248 - INFO - HTTP Request: POST https://api.telegram.org/bot8759601075:AAHuztMAKGLO9b-nkmQzANsgjkNEQDcJvnU/getUpdates "HTTP/1.1 200 OK"
2026-03-21 16:54:09,726 - INFO - HTTP Request: POST https://api.telegram.org/bot8759601075:AAHuztMAKGLO9b-nkmQzANsgjkNEQDcJvnU/getUpdates "HTTP/1.1 200 OK"
2026-03-21 16:54:20,200 - INFO - HTTP Request: POST https://api.telegram.org/bot8759601075:AAHuztMAKGLO9b-nkmQzANsgjkNEQDcJvnU/getUpdates "HTTP/1.1 200 OK"
2026-03-21 16:54:30,675 - INFO - HTTP Request: POST https://api.telegram.org/bot8759601075:AAHuztMAKGLO9b-nkmQzANsgjkNEQDcJvnU/getUpdates "HTTP/1.1 200 OK"
2026-03-21 16:54:41,128 - INFO - HTTP Request: POST https://api.telegram.org/bot8759601075:AAHuztMAKGLO9b-nkmQzANsgjkNEQDcJvnU/getUpdates "HTTP/1.1 200 OK"
2026-03-21 16:54:51,623 - INFO - HTTP Request: POST https://api.telegram.org/bot8759601075:AAHuztMAKGLO9b-nkmQzANsgjkNEQDcJvnU/getUpdates "HTTP/1.1 200 OK"
2026-03-21 16:55:02,098 - INFO - HTTP Request: POST https://api.telegram.org/bot8759601075:AAHuztMAKGLO9b-nkmQzANsgjkNEQDcJvnU/getUpdates "HTTP/1.1 200 OK"
2026-03-21 16:55:12,445 - INFO - HTTP Request: POST https://api.telegram.org/bot8759601075:AAHuztMAKGLO9b-nkmQzANsgjkNEQDcJvnU/getUpdates "HTTP/1.1 200 OK"
2026-03-21 16:55:22,807 - INFO - HTTP Request: POST https://api.telegram.org/bot8759601075:AAHuztMAKGLO9b-nkmQzANsgjkNEQDcJvnU/getUpdates "HTTP/1.1 200 OK"
2026-03-21 16:55:33,301 - INFO - HTTP Request: POST https://api.telegram.org/bot8759601075:AAHuztMAKGLO9b-nkmQzANsgjkNEQDcJvnU/getUpdates "HTTP/1.1 200 OK"
2026-03-21 16:55:43,651 - INFO - HTTP Request: POST https://api.telegram.org/bot8759601075:AAHuztMAKGLO9b-nkmQzANsgjkNEQDcJvnU/getUpdates "HTTP/1.1 200 OK"
2026-03-21 16:55:54,136 - INFO - HTTP Request: POST https://api.telegram.org/bot8759601075:AAHuztMAKGLO9b-nkmQzANsgjkNEQDcJvnU/getUpdates "HTTP/1.1 200 OK"
2026-03-21 16:56:04,617 - INFO - HTTP Request: POST https://api.telegram.org/bot8759601075:AAHuztMAKGLO9b-nkmQzANsgjkNEQDcJvnU/getUpdates "HTTP/1.1 200 OK"
2026-03-21 16:56:14,958 - INFO - HTTP Request: POST https://api.telegram.org/bot8759601075:AAHuztMAKGLO9b-nkmQzANsgjkNEQDcJvnU/getUpdates "HTTP/1.1 200 OK"
2026-03-21 16:56:25,289 - INFO - HTTP Request: POST https://api.telegram.org/bot8759601075:AAHuztMAKGLO9b-nkmQzANsgjkNEQDcJvnU/getUpdates "HTTP/1.1 200 OK"
2026-03-21 16:56:35,764 - INFO - HTTP Request: POST https://api.telegram.org/bot8759601075:AAHuztMAKGLO9b-nkmQzANsgjkNEQDcJvnU/getUpdates "HTTP/1.1 200 OK"
2026-03-21 16:56:46,458 - INFO - HTTP Request: POST https://api.telegram.org/bot8759601075:AAHuztMAKGLO9b-nkmQzANsgjkNEQDcJvnU/getUpdates "HTTP/1.1 200 OK"
2026-03-21 16:56:57,000 - INFO - HTTP Request: POST https://api.telegram.org/bot8759601075:AAHuztMAKGLO9b-nkmQzANsgjkNEQDcJvnU/getUpdates "HTTP/1.1 200 OK"
2026-03-21 16:57:07,330 - INFO - HTTP Request: POST https://api.telegram.org/bot8759601075:AAHuztMAKGLO9b-nkmQzANsgjkNEQDcJvnU/getUpdates "HTTP/1.1 200 OK"
2026-03-21 16:57:17,809 - INFO - HTTP Request: POST https://api.telegram.org/bot8759601075:AAHuztMAKGLO9b-nkmQzANsgjkNEQDcJvnU/getUpdates "HTTP/1.1 200 OK"
2026-03-21 16:57:28,287 - INFO - HTTP Request: POST https://api.telegram.org/bot8759601075:AAHuztMAKGLO9b-nkmQzANsgjkNEQDcJvnU/getUpdates "HTTP/1.1 200 OK"
2026-03-21 16:57:38,762 - INFO - HTTP Request: POST https://api.telegram.org/bot8759601075:AAHuztMAKGLO9b-nkmQzANsgjkNEQDcJvnU/getUpdates "HTTP/1.1 200 OK"
2026-03-21 16:57:49,103 - INFO - HTTP Request: POST https://api.telegram.org/bot8759601075:AAHuztMAKGLO9b-nkmQzANsgjkNEQDcJvnU/getUpdates "HTTP/1.1 200 OK"
2026-03-21 16:57:59,591 - INFO - HTTP Request: POST https://api.telegram.org/bot8759601075:AAHuztMAKGLO9b-nkmQzANsgjkNEQDcJvnU/getUpdates "HTTP/1.1 200 OK"
2026-03-21 16:58:10,072 - INFO - HTTP Request: POST https://api.telegram.org/bot8759601075:AAHuztMAKGLO9b-nkmQzANsgjkNEQDcJvnU/getUpdates "HTTP/1.1 200 OK"
2026-03-21 16:58:20,547 - INFO - HTTP Request: POST https://api.telegram.org/bot8759601075:AAHuztMAKGLO9b-nkmQzANsgjkNEQDcJvnU/getUpdates "HTTP/1.1 200 OK"
2026-03-21 16:58:31,023 - INFO - HTTP Request: POST https://api.telegram.org/bot8759601075:AAHuztMAKGLO9b-nkmQzANsgjkNEQDcJvnU/getUpdates "HTTP/1.1 200 OK"
2026-03-21 16:58:41,530 - INFO - HTTP Request: POST https://api.telegram.org/bot8759601075:AAHuztMAKGLO9b-nkmQzANsgjkNEQDcJvnU/getUpdates "HTTP/1.1 200 OK"
2026-03-21 16:58:52,017 - INFO - HTTP Request: POST https://api.telegram.org/bot8759601075:AAHuztMAKGLO9b-nkmQzANsgjkNEQDcJvnU/getUpdates "HTTP/1.1 200 OK"
2026-03-21 16:59:02,341 - INFO - HTTP Request: POST https://api.telegram.org/bot8759601075:AAHuztMAKGLO9b-nkmQzANsgjkNEQDcJvnU/getUpdates "HTTP/1.1 200 OK"
2026-03-21 16:59:13,310 - INFO - HTTP Request: POST https://api.telegram.org/bot8759601075:AAHuztMAKGLO9b-nkmQzANsgjkNEQDcJvnU/getUpdates "HTTP/1.1 200 OK"
2026-03-21 16:59:23,792 - INFO - HTTP Request: POST https://api.telegram.org/bot8759601075:AAHuztMAKGLO9b-nkmQzANsgjkNEQDcJvnU/getUpdates "HTTP/1.1 200 OK"
2026-03-21 16:59:34,272 - INFO - HTTP Request: POST https://api.telegram.org/bot8759601075:AAHuztMAKGLO9b-nkmQzANsgjkNEQDcJvnU/getUpdates "HTTP/1.1 200 OK"
2026-03-21 16:59:44,673 - INFO - HTTP Request: POST https://api.telegram.org/bot8759601075:AAHuztMAKGLO9b-nkmQzANsgjkNEQDcJvnU/getUpdates "HTTP/1.1 200 OK"
2026-03-21 16:59:55,008 - INFO - HTTP Request: POST https://api.telegram.org/bot8759601075:AAHuztMAKGLO9b-nkmQzANsgjkNEQDcJvnU/getUpdates "HTTP/1.1 200 OK"
2026-03-21 17:00:05,510 - INFO - HTTP Request: POST https://api.telegram.org/bot8759601075:AAHuztMAKGLO9b-nkmQzANsgjkNEQDcJvnU/getUpdates "HTTP/1.1 200 OK"
2026-03-21 17:00:15,840 - INFO - HTTP Request: POST https://api.telegram.org/bot8759601075:AAHuztMAKGLO9b-nkmQzANsgjkNEQDcJvnU/getUpdates "HTTP/1.1 200 OK"
2026-03-21 17:00:26,307 - INFO - HTTP Request: POST https://api.telegram.org/bot8759601075:AAHuztMAKGLO9b-nkmQzANsgjkNEQDcJvnU/getUpdates "HTTP/1.1 200 OK"
2026-03-21 17:00:36,810 - INFO - HTTP Request: POST https://api.telegram.org/bot8759601075:AAHuztMAKGLO9b-nkmQzANsgjkNEQDcJvnU/getUpdates "HTTP/1.1 200 OK"
2026-03-21 17:00:47,157 - INFO - HTTP Request: POST https://api.telegram.org/bot8759601075:AAHuztMAKGLO9b-nkmQzANsgjkNEQDcJvnU/getUpdates "HTTP/1.1 200 OK"
2026-03-21 17:00:57,493 - INFO - HTTP Request: POST https://api.telegram.org/bot8759601075:AAHuztMAKGLO9b-nkmQzANsgjkNEQDcJvnU/getUpdates "HTTP/1.1 200 OK"
2026-03-21 17:01:07,834 - INFO - HTTP Request: POST https://api.telegram.org/bot8759601075:AAHuztMAKGLO9b-nkmQzANsgjkNEQDcJvnU/getUpdates "HTTP/1.1 200 OK"
2026-03-21 17:01:18,161 - INFO - HTTP Request: POST https://api.telegram.org/bot8759601075:AAHuztMAKGLO9b-nkmQzANsgjkNEQDcJvnU/getUpdates "HTTP/1.1 200 OK"
2026-03-21 17:01:28,515 - INFO - HTTP Request: POST https://api.telegram.org/bot8759601075:AAHuztMAKGLO9b-nkmQzANsgjkNEQDcJvnU/getUpdates "HTTP/1.1 200 OK"
2026-03-21 17:01:38,847 - INFO - HTTP Request: POST https://api.telegram.org/bot8759601075:AAHuztMAKGLO9b-nkmQzANsgjkNEQDcJvnU/getUpdates "HTTP/1.1 200 OK"
2026-03-21 17:01:49,185 - INFO - HTTP Request: POST https://api.telegram.org/bot8759601075:AAHuztMAKGLO9b-nkmQzANsgjkNEQDcJvnU/getUpdates "HTTP/1.1 200 OK"
2026-03-21 17:01:59,524 - INFO - HTTP Request: POST https://api.telegram.org/bot8759601075:AAHuztMAKGLO9b-nkmQzANsgjkNEQDcJvnU/getUpdates "HTTP/1.1 200 OK"
2026-03-21 17:02:10,003 - INFO - HTTP Request: POST https://api.telegram.org/bot8759601075:AAHuztMAKGLO9b-nkmQzANsgjkNEQDcJvnU/getUpdates "HTTP/1.1 200 OK"
2026-03-21 17:02:20,325 - INFO - HTTP Request: POST https://api.telegram.org/bot8759601075:AAHuztMAKGLO9b-nkmQzANsgjkNEQDcJvnU/getUpdates "HTTP/1.1 200 OK"
2026-03-21 17:02:30,797 - INFO - HTTP Request: POST https://api.telegram.org/bot8759601075:AAHuztMAKGLO9b-nkmQzANsgjkNEQDcJvnU/getUpdates "HTTP/1.1 200 OK"
2026-03-21 17:02:41,132 - INFO - HTTP Request: POST https://api.telegram.org/bot8759601075:AAHuztMAKGLO9b-nkmQzANsgjkNEQDcJvnU/getUpdates "HTTP/1.1 200 OK"
2026-03-21 17:02:51,475 - INFO - HTTP Request: POST https://api.telegram.org/bot8759601075:AAHuztMAKGLO9b-nkmQzANsgjkNEQDcJvnU/getUpdates "HTTP/1.1 200 OK"
2026-03-21 17:03:01,814 - INFO - HTTP Request: POST https://api.telegram.org/bot8759601075:AAHuztMAKGLO9b-nkmQzANsgjkNEQDcJvnU/getUpdates "HTTP/1.1 200 OK"
2026-03-21 17:03:12,151 - INFO - HTTP Request: POST https://api.telegram.org/bot8759601075:AAHuztMAKGLO9b-nkmQzANsgjkNEQDcJvnU/getUpdates "HTTP/1.1 200 OK"
2026-03-21 17:03:22,483 - INFO - HTTP Request: POST https://api.telegram.org/bot8759601075:AAHuztMAKGLO9b-nkmQzANsgjkNEQDcJvnU/getUpdates "HTTP/1.1 200 OK"
2026-03-21 17:03:32,945 - INFO - HTTP Request: POST https://api.telegram.org/bot8759601075:AAHuztMAKGLO9b-nkmQzANsgjkNEQDcJvnU/getUpdates "HTTP/1.1 200 OK"
2026-03-21 17:03:43,410 - INFO - HTTP Request: POST https://api.telegram.org/bot8759601075:AAHuztMAKGLO9b-nkmQzANsgjkNEQDcJvnU/getUpdates "HTTP/1.1 200 OK"
2026-03-21 17:03:53,740 - INFO - HTTP Request: POST https://api.telegram.org/bot8759601075:AAHuztMAKGLO9b-nkmQzANsgjkNEQDcJvnU/getUpdates "HTTP/1.1 200 OK"
2026-03-21 17:04:04,083 - INFO - HTTP Request: POST https://api.telegram.org/bot8759601075:AAHuztMAKGLO9b-nkmQzANsgjkNEQDcJvnU/getUpdates "HTTP/1.1 200 OK"
2026-03-21 17:04:14,548 - INFO - HTTP Request: POST https://api.telegram.org/bot8759601075:AAHuztMAKGLO9b-nkmQzANsgjkNEQDcJvnU/getUpdates "HTTP/1.1 200 OK"
2026-03-21 17:04:25,033 - INFO - HTTP Request: POST https://api.telegram.org/bot8759601075:AAHuztMAKGLO9b-nkmQzANsgjkNEQDcJvnU/getUpdates "HTTP/1.1 200 OK"
2026-03-21 17:04:35,502 - INFO - HTTP Request: POST https://api.telegram.org/bot8759601075:AAHuztMAKGLO9b-nkmQzANsgjkNEQDcJvnU/getUpdates "HTTP/1.1 200 OK"
2026-03-21 17:04:45,836 - INFO - HTTP Request: POST https://api.telegram.org/bot8759601075:AAHuztMAKGLO9b-nkmQzANsgjkNEQDcJvnU/getUpdates "HTTP/1.1 200 OK"
2026-03-21 17:04:56,175 - INFO - HTTP Request: POST https://api.telegram.org/bot8759601075:AAHuztMAKGLO9b-nkmQzANsgjkNEQDcJvnU/getUpdates "HTTP/1.1 200 OK"
2026-03-21 17:05:06,655 - INFO - HTTP Request: POST https://api.telegram.org/bot8759601075:AAHuztMAKGLO9b-nkmQzANsgjkNEQDcJvnU/getUpdates "HTTP/1.1 200 OK"
2026-03-21 17:05:17,137 - INFO - HTTP Request: POST https://api.telegram.org/bot8759601075:AAHuztMAKGLO9b-nkmQzANsgjkNEQDcJvnU/getUpdates "HTTP/1.1 200 OK"
2026-03-21 17:05:27,599 - INFO - HTTP Request: POST https://api.telegram.org/bot8759601075:AAHuztMAKGLO9b-nkmQzANsgjkNEQDcJvnU/getUpdates "HTTP/1.1 200 OK"
2026-03-21 17:05:37,994 - INFO - HTTP Request: POST https://api.telegram.org/bot8759601075:AAHuztMAKGLO9b-nkmQzANsgjkNEQDcJvnU/getUpdates "HTTP/1.1 200 OK"
2026-03-21 17:05:48,466 - INFO - HTTP Request: POST https://api.telegram.org/bot8759601075:AAHuztMAKGLO9b-nkmQzANsgjkNEQDcJvnU/getUpdates "HTTP/1.1 200 OK"
2026-03-21 17:05:58,803 - INFO - HTTP Request: POST https://api.telegram.org/bot8759601075:AAHuztMAKGLO9b-nkmQzANsgjkNEQDcJvnU/getUpdates "HTTP/1.1 200 OK"
2026-03-21 17:06:09,122 - INFO - HTTP Request: POST https://api.telegram.org/bot8759601075:AAHuztMAKGLO9b-nkmQzANsgjkNEQDcJvnU/getUpdates "HTTP/1.1 200 OK"
2026-03-21 17:06:19,586 - INFO - HTTP Request: POST https://api.telegram.org/bot8759601075:AAHuztMAKGLO9b-nkmQzANsgjkNEQDcJvnU/getUpdates "HTTP/1.1 200 OK"
2026-03-21 17:06:30,066 - INFO - HTTP Request: POST https://api.telegram.org/bot8759601075:AAHuztMAKGLO9b-nkmQzANsgjkNEQDcJvnU/getUpdates "HTTP/1.1 200 OK"
2026-03-21 17:06:40,543 - INFO - HTTP Request: POST https://api.telegram.org/bot8759601075:AAHuztMAKGLO9b-nkmQzANsgjkNEQDcJvnU/getUpdates "HTTP/1.1 200 OK"
2026-03-21 17:06:50,891 - INFO - HTTP Request: POST https://api.telegram.org/bot8759601075:AAHuztMAKGLO9b-nkmQzANsgjkNEQDcJvnU/getUpdates "HTTP/1.1 200 OK"
2026-03-21 17:07:01,377 - INFO - HTTP Request: POST https://api.telegram.org/bot8759601075:AAHuztMAKGLO9b-nkmQzANsgjkNEQDcJvnU/getUpdates "HTTP/1.1 200 OK"
2026-03-21 17:07:11,863 - INFO - HTTP Request: POST https://api.telegram.org/bot8759601075:AAHuztMAKGLO9b-nkmQzANsgjkNEQDcJvnU/getUpdates "HTTP/1.1 200 OK"
2026-03-21 17:07:22,191 - INFO - HTTP Request: POST https://api.telegram.org/bot8759601075:AAHuztMAKGLO9b-nkmQzANsgjkNEQDcJvnU/getUpdates "HTTP/1.1 200 OK"
2026-03-21 17:07:32,677 - INFO - HTTP Request: POST https://api.telegram.org/bot8759601075:AAHuztMAKGLO9b-nkmQzANsgjkNEQDcJvnU/getUpdates "HTTP/1.1 200 OK"
2026-03-21 17:07:43,022 - INFO - HTTP Request: POST https://api.telegram.org/bot8759601075:AAHuztMAKGLO9b-nkmQzANsgjkNEQDcJvnU/getUpdates "HTTP/1.1 200 OK"
2026-03-21 17:07:53,490 - INFO - HTTP Request: POST https://api.telegram.org/bot8759601075:AAHuztMAKGLO9b-nkmQzANsgjkNEQDcJvnU/getUpdates "HTTP/1.1 200 OK"
2026-03-21 17:08:03,965 - INFO - HTTP Request: POST https://api.telegram.org/bot8759601075:AAHuztMAKGLO9b-nkmQzANsgjkNEQDcJvnU/getUpdates "HTTP/1.1 200 OK"
2026-03-21 17:08:14,443 - INFO - HTTP Request: POST https://api.telegram.org/bot8759601075:AAHuztMAKGLO9b-nkmQzANsgjkNEQDcJvnU/getUpdates "HTTP/1.1 200 OK"
2026-03-21 17:08:24,913 - INFO - HTTP Request: POST https://api.telegram.org/bot8759601075:AAHuztMAKGLO9b-nkmQzANsgjkNEQDcJvnU/getUpdates "HTTP/1.1 200 OK"
2026-03-21 17:08:35,394 - INFO - HTTP Request: POST https://api.telegram.org/bot8759601075:AAHuztMAKGLO9b-nkmQzANsgjkNEQDcJvnU/getUpdates "HTTP/1.1 200 OK"
2026-03-21 17:08:45,883 - INFO - HTTP Request: POST https://api.telegram.org/bot8759601075:AAHuztMAKGLO9b-nkmQzANsgjkNEQDcJvnU/getUpdates "HTTP/1.1 200 OK"
2026-03-21 17:08:56,219 - INFO - HTTP Request: POST https://api.telegram.org/bot8759601075:AAHuztMAKGLO9b-nkmQzANsgjkNEQDcJvnU/getUpdates "HTTP/1.1 200 OK"
2026-03-21 17:09:06,688 - INFO - HTTP Request: POST https://api.telegram.org/bot8759601075:AAHuztMAKGLO9b-nkmQzANsgjkNEQDcJvnU/getUpdates "HTTP/1.1 200 OK"
2026-03-21 17:09:17,174 - INFO - HTTP Request: POST https://api.telegram.org/bot8759601075:AAHuztMAKGLO9b-nkmQzANsgjkNEQDcJvnU/getUpdates "HTTP/1.1 200 OK"
2026-03-21 17:09:27,657 - INFO - HTTP Request: POST https://api.telegram.org/bot8759601075:AAHuztMAKGLO9b-nkmQzANsgjkNEQDcJvnU/getUpdates "HTTP/1.1 200 OK"
2026-03-21 17:09:38,139 - INFO - HTTP Request: POST https://api.telegram.org/bot8759601075:AAHuztMAKGLO9b-nkmQzANsgjkNEQDcJvnU/getUpdates "HTTP/1.1 200 OK"
2026-03-21 17:09:48,496 - INFO - HTTP Request: POST https://api.telegram.org/bot8759601075:AAHuztMAKGLO9b-nkmQzANsgjkNEQDcJvnU/getUpdates "HTTP/1.1 200 OK"
2026-03-21 17:09:59,030 - INFO - HTTP Request: POST https://api.telegram.org/bot8759601075:AAHuztMAKGLO9b-nkmQzANsgjkNEQDcJvnU/getUpdates "HTTP/1.1 200 OK"
2026-03-21 17:10:09,363 - INFO - HTTP Request: POST https://api.telegram.org/bot8759601075:AAHuztMAKGLO9b-nkmQzANsgjkNEQDcJvnU/getUpdates "HTTP/1.1 200 OK"
2026-03-21 17:10:19,689 - INFO - HTTP Request: POST https://api.telegram.org/bot8759601075:AAHuztMAKGLO9b-nkmQzANsgjkNEQDcJvnU/getUpdates "HTTP/1.1 200 OK"
2026-03-21 17:10:30,162 - INFO - HTTP Request: POST https://api.telegram.org/bot8759601075:AAHuztMAKGLO9b-nkmQzANsgjkNEQDcJvnU/getUpdates "HTTP/1.1 200 OK"
2026-03-21 17:10:41,964 - INFO - HTTP Request: POST https://api.telegram.org/bot8759601075:AAHuztMAKGLO9b-nkmQzANsgjkNEQDcJvnU/getUpdates "HTTP/1.1 200 OK"
2026-03-21 17:10:52,308 - INFO - HTTP Request: POST https://api.telegram.org/bot8759601075:AAHuztMAKGLO9b-nkmQzANsgjkNEQDcJvnU/getUpdates "HTTP/1.1 200 OK"
2026-03-21 17:11:02,652 - INFO - HTTP Request: POST https://api.telegram.org/bot8759601075:AAHuztMAKGLO9b-nkmQzANsgjkNEQDcJvnU/getUpdates "HTTP/1.1 200 OK"
2026-03-21 17:11:13,148 - INFO - HTTP Request: POST https://api.telegram.org/bot8759601075:AAHuztMAKGLO9b-nkmQzANsgjkNEQDcJvnU/getUpdates "HTTP/1.1 200 OK"
2026-03-21 17:11:23,649 - INFO - HTTP Request: POST https://api.telegram.org/bot8759601075:AAHuztMAKGLO9b-nkmQzANsgjkNEQDcJvnU/getUpdates "HTTP/1.1 200 OK"
2026-03-21 17:11:34,124 - INFO - HTTP Request: POST https://api.telegram.org/bot8759601075:AAHuztMAKGLO9b-nkmQzANsgjkNEQDcJvnU/getUpdates "HTTP/1.1 200 OK"
2026-03-21 17:11:44,629 - INFO - HTTP Request: POST https://api.telegram.org/bot8759601075:AAHuztMAKGLO9b-nkmQzANsgjkNEQDcJvnU/getUpdates "HTTP/1.1 200 OK"
2026-03-21 17:11:54,981 - INFO - HTTP Request: POST https://api.telegram.org/bot8759601075:AAHuztMAKGLO9b-nkmQzANsgjkNEQDcJvnU/getUpdates "HTTP/1.1 200 OK"
2026-03-21 17:12:05,487 - INFO - HTTP Request: POST https://api.telegram.org/bot8759601075:AAHuztMAKGLO9b-nkmQzANsgjkNEQDcJvnU/getUpdates "HTTP/1.1 200 OK"
2026-03-21 17:12:16,724 - INFO - HTTP Request: POST https://api.telegram.org/bot8759601075:AAHuztMAKGLO9b-nkmQzANsgjkNEQDcJvnU/getUpdates "HTTP/1.1 200 OK"
2026-03-21 17:12:27,232 - INFO - HTTP Request: POST https://api.telegram.org/bot8759601075:AAHuztMAKGLO9b-nkmQzANsgjkNEQDcJvnU/getUpdates "HTTP/1.1 200 OK"
2026-03-21 17:12:37,722 - INFO - HTTP Request: POST https://api.telegram.org/bot8759601075:AAHuztMAKGLO9b-nkmQzANsgjkNEQDcJvnU/getUpdates "HTTP/1.1 200 OK"
2026-03-21 17:12:48,099 - INFO - HTTP Request: POST https://api.telegram.org/bot8759601075:AAHuztMAKGLO9b-nkmQzANsgjkNEQDcJvnU/getUpdates "HTTP/1.1 200 OK"
2026-03-21 17:12:59,246 - INFO - HTTP Request: POST https://api.telegram.org/bot8759601075:AAHuztMAKGLO9b-nkmQzANsgjkNEQDcJvnU/getUpdates "HTTP/1.1 200 OK"
2026-03-21 17:13:09,601 - INFO - HTTP Request: POST https://api.telegram.org/bot8759601075:AAHuztMAKGLO9b-nkmQzANsgjkNEQDcJvnU/getUpdates "HTTP/1.1 200 OK"
2026-03-21 17:13:20,116 - INFO - HTTP Request: POST https://api.telegram.org/bot8759601075:AAHuztMAKGLO9b-nkmQzANsgjkNEQDcJvnU/getUpdates "HTTP/1.1 200 OK"
2026-03-21 17:13:30,599 - INFO - HTTP Request: POST https://api.telegram.org/bot8759601075:AAHuztMAKGLO9b-nkmQzANsgjkNEQDcJvnU/getUpdates "HTTP/1.1 200 OK"
2026-03-21 17:13:40,934 - INFO - HTTP Request: POST https://api.telegram.org/bot8759601075:AAHuztMAKGLO9b-nkmQzANsgjkNEQDcJvnU/getUpdates "HTTP/1.1 200 OK"
2026-03-21 17:13:51,420 - INFO - HTTP Request: POST https://api.telegram.org/bot8759601075:AAHuztMAKGLO9b-nkmQzANsgjkNEQDcJvnU/getUpdates "HTTP/1.1 200 OK"
2026-03-21 17:14:01,949 - INFO - HTTP Request: POST https://api.telegram.org/bot8759601075:AAHuztMAKGLO9b-nkmQzANsgjkNEQDcJvnU/getUpdates "HTTP/1.1 200 OK"
2026-03-21 17:14:12,468 - INFO - HTTP Request: POST https://api.telegram.org/bot8759601075:AAHuztMAKGLO9b-nkmQzANsgjkNEQDcJvnU/getUpdates "HTTP/1.1 200 OK"
2026-03-21 17:14:22,832 - INFO - HTTP Request: POST https://api.telegram.org/bot8759601075:AAHuztMAKGLO9b-nkmQzANsgjkNEQDcJvnU/getUpdates "HTTP/1.1 200 OK"
2026-03-21 17:14:33,311 - INFO - HTTP Request: POST https://api.telegram.org/bot8759601075:AAHuztMAKGLO9b-nkmQzANsgjkNEQDcJvnU/getUpdates "HTTP/1.1 200 OK"
2026-03-21 17:14:43,661 - INFO - HTTP Request: POST https://api.telegram.org/bot8759601075:AAHuztMAKGLO9b-nkmQzANsgjkNEQDcJvnU/getUpdates "HTTP/1.1 200 OK"
2026-03-21 17:14:54,132 - INFO - HTTP Request: POST https://api.telegram.org/bot8759601075:AAHuztMAKGLO9b-nkmQzANsgjkNEQDcJvnU/getUpdates "HTTP/1.1 200 OK"
2026-03-21 17:15:04,620 - INFO - HTTP Request: POST https://api.telegram.org/bot8759601075:AAHuztMAKGLO9b-nkmQzANsgjkNEQDcJvnU/getUpdates "HTTP/1.1 200 OK"
2026-03-21 17:15:15,097 - INFO - HTTP Request: POST https://api.telegram.org/bot8759601075:AAHuztMAKGLO9b-nkmQzANsgjkNEQDcJvnU/getUpdates "HTTP/1.1 200 OK"
2026-03-21 17:15:25,594 - INFO - HTTP Request: POST https://api.telegram.org/bot8759601075:AAHuztMAKGLO9b-nkmQzANsgjkNEQDcJvnU/getUpdates "HTTP/1.1 200 OK"
2026-03-21 17:15:36,068 - INFO - HTTP Request: POST https://api.telegram.org/bot8759601075:AAHuztMAKGLO9b-nkmQzANsgjkNEQDcJvnU/getUpdates "HTTP/1.1 200 OK"
2026-03-21 17:15:46,549 - INFO - HTTP Request: POST https://api.telegram.org/bot8759601075:AAHuztMAKGLO9b-nkmQzANsgjkNEQDcJvnU/getUpdates "HTTP/1.1 200 OK"
2026-03-21 17:15:57,036 - INFO - HTTP Request: POST https://api.telegram.org/bot8759601075:AAHuztMAKGLO9b-nkmQzANsgjkNEQDcJvnU/getUpdates "HTTP/1.1 200 OK"
2026-03-21 17:16:07,511 - INFO - HTTP Request: POST https://api.telegram.org/bot8759601075:AAHuztMAKGLO9b-nkmQzANsgjkNEQDcJvnU/getUpdates "HTTP/1.1 200 OK"
2026-03-21 17:16:18,013 - INFO - HTTP Request: POST https://api.telegram.org/bot8759601075:AAHuztMAKGLO9b-nkmQzANsgjkNEQDcJvnU/getUpdates "HTTP/1.1 200 OK"
2026-03-21 17:16:28,336 - INFO - HTTP Request: POST https://api.telegram.org/bot8759601075:AAHuztMAKGLO9b-nkmQzANsgjkNEQDcJvnU/getUpdates "HTTP/1.1 200 OK"
2026-03-21 17:16:38,825 - INFO - HTTP Request: POST https://api.telegram.org/bot8759601075:AAHuztMAKGLO9b-nkmQzANsgjkNEQDcJvnU/getUpdates "HTTP/1.1 200 OK"
2026-03-21 17:16:49,322 - INFO - HTTP Request: POST https://api.telegram.org/bot8759601075:AAHuztMAKGLO9b-nkmQzANsgjkNEQDcJvnU/getUpdates "HTTP/1.1 200 OK"
2026-03-21 17:16:59,784 - INFO - HTTP Request: POST https://api.telegram.org/bot8759601075:AAHuztMAKGLO9b-nkmQzANsgjkNEQDcJvnU/getUpdates "HTTP/1.1 200 OK"
2026-03-21 17:17:10,272 - INFO - HTTP Request: POST https://api.telegram.org/bot8759601075:AAHuztMAKGLO9b-nkmQzANsgjkNEQDcJvnU/getUpdates "HTTP/1.1 200 OK"
2026-03-21 17:17:20,749 - INFO - HTTP Request: POST https://api.telegram.org/bot8759601075:AAHuztMAKGLO9b-nkmQzANsgjkNEQDcJvnU/getUpdates "HTTP/1.1 200 OK"
2026-03-21 17:17:31,241 - INFO - HTTP Request: POST https://api.telegram.org/bot8759601075:AAHuztMAKGLO9b-nkmQzANsgjkNEQDcJvnU/getUpdates "HTTP/1.1 200 OK"
2026-03-21 17:17:41,728 - INFO - HTTP Request: POST https://api.telegram.org/bot8759601075:AAHuztMAKGLO9b-nkmQzANsgjkNEQDcJvnU/getUpdates "HTTP/1.1 200 OK"
